d:\dxprojectshare\engineerbootcamp_framework\x64\debug\vc143.pdb
d:\dxprojectshare\engineerbootcamp_framework\x64\debug\vc143.idb
d:\dxprojectshare\engineerbootcamp_framework\x64\debug\vector2d.obj
d:\dxprojectshare\engineerbootcamp_framework\x64\debug\collision.obj
d:\dxprojectshare\engineerbootcamp_framework\x64\debug\stage.obj
d:\dxprojectshare\engineerbootcamp_framework\x64\debug\scenemanager.obj
d:\dxprojectshare\engineerbootcamp_framework\x64\debug\scenebase.obj
d:\dxprojectshare\engineerbootcamp_framework\x64\debug\ingamescene.obj
d:\dxprojectshare\engineerbootcamp_framework\x64\debug\main.obj
d:\dxprojectshare\engineerbootcamp_framework\x64\debug\gameobject.obj
d:\dxprojectshare\engineerbootcamp_framework\x64\debug\ground.obj
d:\dxprojectshare\engineerbootcamp_framework\x64\debug\player.obj
d:\dxprojectshare\engineerbootcamp_framework\x64\debug\murasuke.obj
d:\dxprojectshare\engineerbootcamp_framework\x64\debug\enemy.obj
d:\dxprojectshare\engineerbootcamp_framework\x64\debug\character.obj
d:\dxprojectshare\engineerbootcamp_framework\x64\debug\item.obj
d:\dxprojectshare\engineerbootcamp_framework\x64\debug\coin.obj
d:\dxprojectshare\engineerbootcamp_framework\x64\debug\energydrink.obj
d:\dxprojectshare\engineerbootcamp_framework\x64\debug\goalflag.obj
d:\dxprojectshare\engineerbootcamp_framework\x64\debug\gimmick.obj
d:\dxprojectshare\engineerbootcamp_framework\x64\debug\titlescene.obj
d:\dxprojectshare\engineerbootcamp_framework\x64\debug\gameoverscene.obj
d:\dxprojectshare\engineerbootcamp_framework\x64\debug\gameclearscene.obj
d:\dxprojectshare\engineerbootcamp_framework\x64\debug\inputmanager.obj
d:\dxprojectshare\engineerbootcamp_framework\x64\debug\graphicsmanager.obj
d:\dxprojectshare\engineerbootcamp_framework\x64\debug\soundmanager.obj
d:\dxprojectshare\engineerbootcamp_framework\x64\debug\background.obj
d:\dxprojectshare\engineerbootcamp_framework\x64\debug\akasuke.obj
d:\dxprojectshare\engineerbootcamp_framework\x64\debug\engineerbootcamp_framework.exe
d:\dxprojectshare\engineerbootcamp_framework\x64\debug\engineerbootcamp_framework.ilk
d:\dxprojectshare\engineerbootcamp_framework\x64\debug\engineerbootcamp_framework.pdb
d:\dxprojectshare\engineerbootcamp_framework\x64\debug\ingame.obj
d:\dxprojectshare\engineerbootcamp_framework\x64\debug\sampleobject.obj
d:\dxprojectshare\engineerbootcamp_framework\x64\debug\samplescene.obj
d:\dxprojectshare\engineerbootcamp_framework\x64\debug\ground.obj.enc
d:\dxprojectshare\engineerbootcamp_framework\x64\debug\player.obj.enc
d:\dxprojectshare\engineerbootcamp_framework\x64\debug\engineer.eaa25ed9.tlog\cl.command.1.tlog
d:\dxprojectshare\engineerbootcamp_framework\x64\debug\engineer.eaa25ed9.tlog\cl.items.tlog
d:\dxprojectshare\engineerbootcamp_framework\x64\debug\engineer.eaa25ed9.tlog\cl.read.1.tlog
d:\dxprojectshare\engineerbootcamp_framework\x64\debug\engineer.eaa25ed9.tlog\cl.write.1.tlog
d:\dxprojectshare\engineerbootcamp_framework\x64\debug\engineer.eaa25ed9.tlog\link.command.1.tlog
d:\dxprojectshare\engineerbootcamp_framework\x64\debug\engineer.eaa25ed9.tlog\link.read.1.tlog
d:\dxprojectshare\engineerbootcamp_framework\x64\debug\engineer.eaa25ed9.tlog\link.write.1.tlog
